[0.016s] Invoking command in '/workspace/src/build/adore_global_planner': /usr/bin/cmake --build /workspace/src/build/adore_global_planner -- -j8 -l8
[0.146s] [35m[1mConsolidate compiler generated dependencies of target adore_global_planner[0m
[0.185s] [ 50%] [32mBuilding CXX object CMakeFiles/adore_global_planner.dir/src/adore_global_planner.cpp.o[0m
[0.436s] [01m[K/workspace/src/adore_global_planner/src/adore_global_planner.cpp:6:6:[m[K [01;31m[Kerror: [m[Kâ€˜[01m[KPlanner[m[Kâ€™ has not been declared
[0.437s]     6 | void [01;31m[KPlanner[m[K::configure(
[0.438s]       |      [01;31m[K^~~~~~~[m[K
[0.440s] [01m[K/workspace/src/adore_global_planner/src/adore_global_planner.cpp:7:9:[m[K [01;31m[Kerror: [m[Kâ€˜[01m[Krclcpp_lifecycle[m[Kâ€™ does not name a type
[0.441s]     7 |   const [01;31m[Krclcpp_lifecycle[m[K::LifecycleNode::SharedPtr & parent,
[0.441s]       |         [01;31m[K^~~~~~~~~~~~~~~~[m[K
[0.442s] [01m[K/workspace/src/adore_global_planner/src/adore_global_planner.cpp:7:40:[m[K [01;31m[Kerror: [m[Kexpected unqualified-id before â€˜[01m[K::[m[Kâ€™ token
[0.442s]     7 |   const rclcpp_lifecycle::LifecycleNode[01;31m[K::[m[KSharedPtr & parent,
[0.442s]       |                                        [01;31m[K^~[m[K
[0.443s] [01m[K/workspace/src/adore_global_planner/src/adore_global_planner.cpp:7:40:[m[K [01;31m[Kerror: [m[Kexpected â€˜[01m[K)[m[Kâ€™ before â€˜[01m[K::[m[Kâ€™ token
[0.443s]     7 |   const rclcpp_lifecycle::LifecycleNode[01;31m[K:[m[K[32m[K:[m[KSharedPtr & parent,
[0.443s]       |                                        [01;31m[K^[m[K[32m[K~[m[K
[0.444s]       |                                        [32m[K)[m[K
[0.444s] [01m[K/workspace/src/adore_global_planner/src/adore_global_planner.cpp:6:24:[m[K [01;36m[Knote: [m[Kto match this â€˜[01m[K([m[Kâ€™
[0.444s]     6 | void Planner::configure[01;36m[K([m[K
[0.444s]       |                        [01;36m[K^[m[K
[0.445s] [01m[K/workspace/src/adore_global_planner/src/adore_global_planner.cpp:7:40:[m[K [01;31m[Kerror: [m[Kexpected initializer before â€˜[01m[K::[m[Kâ€™ token
[0.445s]     7 |   const rclcpp_lifecycle::LifecycleNode[01;31m[K::[m[KSharedPtr & parent,
[0.445s]       |                                        [01;31m[K^~[m[K
[0.446s] [01m[K/workspace/src/adore_global_planner/src/adore_global_planner.cpp:43:6:[m[K [01;31m[Kerror: [m[Kâ€˜[01m[KPlanner[m[Kâ€™ has not been declared
[0.446s]    43 | void [01;31m[KPlanner[m[K::cleanup()
[0.446s]       |      [01;31m[K^~~~~~~[m[K
[0.446s] [01m[K/workspace/src/adore_global_planner/src/adore_global_planner.cpp:[m[K In function â€˜[01m[Kvoid adore_global_planner::cleanup()[m[Kâ€™:
[0.447s] [01m[K/workspace/src/adore_global_planner/src/adore_global_planner.cpp:46:3:[m[K [01;31m[Kerror: [m[Kâ€˜[01m[Kexternal_path_sub_[m[Kâ€™ was not declared in this scope
[0.447s]    46 |   [01;31m[Kexternal_path_sub_[m[K.reset();
[0.447s]       |   [01;31m[K^~~~~~~~~~~~~~~~~~[m[K
[0.448s] [01m[K/workspace/src/adore_global_planner/src/adore_global_planner.cpp:47:3:[m[K [01;31m[Kerror: [m[Kâ€˜[01m[Kinternal_path_pub_[m[Kâ€™ was not declared in this scope
[0.449s]    47 |   [01;31m[Kinternal_path_pub_[m[K.reset();
[0.449s]       |   [01;31m[K^~~~~~~~~~~~~~~~~~[m[K
[0.449s] [01m[K/workspace/src/adore_global_planner/src/adore_global_planner.cpp:50:10:[m[K [01;31m[Kerror: [m[Kâ€˜[01m[Klock_guard[m[Kâ€™ is not a member of â€˜[01m[Kstd[m[Kâ€™
[0.449s]    50 |     std::[01;31m[Klock_guard[m[K<std::mutex> lock(path_mutex_);
[0.449s]       |          [01;31m[K^~~~~~~~~~[m[K
[0.450s] [01m[K/workspace/src/adore_global_planner/src/adore_global_planner.cpp:2:1:[m[K [01;36m[Knote: [m[Kâ€˜[01m[Kstd::lock_guard[m[Kâ€™ is defined in header â€˜[01m[K<mutex>[m[Kâ€™; did you forget to â€˜[01m[K#include <mutex>[m[Kâ€™?
[0.450s]     1 | #include "adore_global_planner/adore_global_planner.hpp"
[0.450s]   +++ |+[32m[K#include <mutex>[m[K
[0.451s]     2 | 
[0.451s] [01m[K/workspace/src/adore_global_planner/src/adore_global_planner.cpp:50:26:[m[K [01;31m[Kerror: [m[Kâ€˜[01m[Kmutex[m[Kâ€™ is not a member of â€˜[01m[Kstd[m[Kâ€™
[0.451s]    50 |     std::lock_guard<std::[01;31m[Kmutex[m[K> lock(path_mutex_);
[0.451s]       |                          [01;31m[K^~~~~[m[K
[0.452s] [01m[K/workspace/src/adore_global_planner/src/adore_global_planner.cpp:50:26:[m[K [01;36m[Knote: [m[Kâ€˜[01m[Kstd::mutex[m[Kâ€™ is defined in header â€˜[01m[K<mutex>[m[Kâ€™; did you forget to â€˜[01m[K#include <mutex>[m[Kâ€™?
[0.452s] [01m[K/workspace/src/adore_global_planner/src/adore_global_planner.cpp:50:38:[m[K [01;31m[Kerror: [m[Kâ€˜[01m[Kpath_mutex_[m[Kâ€™ was not declared in this scope
[0.452s]    50 |     std::lock_guard<std::mutex> lock([01;31m[Kpath_mutex_[m[K);
[0.452s]       |                                      [01;31m[K^~~~~~~~~~~[m[K
[0.453s] [01m[K/workspace/src/adore_global_planner/src/adore_global_planner.cpp:50:33:[m[K [01;31m[Kerror: [m[Kâ€˜[01m[Klock[m[Kâ€™ was not declared in this scope
[0.453s]    50 |     std::lock_guard<std::mutex> [01;31m[Klock[m[K(path_mutex_);
[0.453s]       |                                 [01;31m[K^~~~[m[K
[0.454s] [01m[K/workspace/src/adore_global_planner/src/adore_global_planner.cpp:51:5:[m[K [01;31m[Kerror: [m[Kâ€˜[01m[Khave_path_[m[Kâ€™ was not declared in this scope
[0.454s]    51 |     [01;31m[Khave_path_[m[K = false;
[0.454s]       |     [01;31m[K^~~~~~~~~~[m[K
[0.456s] [01m[K/workspace/src/adore_global_planner/src/adore_global_planner.cpp:52:5:[m[K [01;31m[Kerror: [m[Kâ€˜[01m[Klast_external_path_[m[Kâ€™ was not declared in this scope
[0.456s]    52 |     [01;31m[Klast_external_path_[m[K = nav_msgs::msg::Path();  // clear any stored path
[0.457s]       |     [01;31m[K^~~~~~~~~~~~~~~~~~~[m[K
[0.457s] [01m[K/workspace/src/adore_global_planner/src/adore_global_planner.cpp:52:27:[m[K [01;31m[Kerror: [m[Kâ€˜[01m[Knav_msgs[m[Kâ€™ has not been declared
[0.457s]    52 |     last_external_path_ = [01;31m[Knav_msgs[m[K::msg::Path();  // clear any stored path
[0.457s]       |                           [01;31m[K^~~~~~~~[m[K
[0.458s] [01m[K/workspace/src/adore_global_planner/src/adore_global_planner.cpp:55:19:[m[K [01;31m[Kerror: [m[Kâ€˜[01m[Kparent_node_[m[Kâ€™ was not declared in this scope
[0.459s]    55 |   if (auto node = [01;31m[Kparent_node_[m[K.lock()) {
[0.459s]       |                   [01;31m[K^~~~~~~~~~~~[m[K
[0.460s] [01m[K/workspace/src/adore_global_planner/src/adore_global_planner.cpp:56:5:[m[K [01;31m[Kerror: [m[Kâ€˜[01m[KRCLCPP_INFO[m[Kâ€™ was not declared in this scope
[0.460s]    56 |     [01;31m[KRCLCPP_INFO[m[K(node->get_logger(), "[Planner] cleaned up");
[0.460s]       |     [01;31m[K^~~~~~~~~~~[m[K
[0.460s] [01m[K/workspace/src/adore_global_planner/src/adore_global_planner.cpp:[m[K At global scope:
[0.461s] [01m[K/workspace/src/adore_global_planner/src/adore_global_planner.cpp:60:6:[m[K [01;31m[Kerror: [m[Kâ€˜[01m[KPlanner[m[Kâ€™ has not been declared
[0.461s]    60 | void [01;31m[KPlanner[m[K::activate()
[0.461s]       |      [01;31m[K^~~~~~~[m[K
[0.461s] [01m[K/workspace/src/adore_global_planner/src/adore_global_planner.cpp:[m[K In function â€˜[01m[Kvoid adore_global_planner::activate()[m[Kâ€™:
[0.461s] [01m[K/workspace/src/adore_global_planner/src/adore_global_planner.cpp:63:19:[m[K [01;31m[Kerror: [m[Kâ€˜[01m[Kparent_node_[m[Kâ€™ was not declared in this scope
[0.462s]    63 |   if (auto node = [01;31m[Kparent_node_[m[K.lock()) {
[0.462s]       |                   [01;31m[K^~~~~~~~~~~~[m[K
[0.462s] [01m[K/workspace/src/adore_global_planner/src/adore_global_planner.cpp:64:5:[m[K [01;31m[Kerror: [m[Kâ€˜[01m[KRCLCPP_INFO[m[Kâ€™ was not declared in this scope
[0.463s]    64 |     [01;31m[KRCLCPP_INFO[m[K(node->get_logger(), "[Planner] activated");
[0.463s]       |     [01;31m[K^~~~~~~~~~~[m[K
[0.463s] [01m[K/workspace/src/adore_global_planner/src/adore_global_planner.cpp:[m[K At global scope:
[0.463s] [01m[K/workspace/src/adore_global_planner/src/adore_global_planner.cpp:68:6:[m[K [01;31m[Kerror: [m[Kâ€˜[01m[KPlanner[m[Kâ€™ has not been declared
[0.463s]    68 | void [01;31m[KPlanner[m[K::deactivate()
[0.463s]       |      [01;31m[K^~~~~~~[m[K
[0.464s] [01m[K/workspace/src/adore_global_planner/src/adore_global_planner.cpp:[m[K In function â€˜[01m[Kvoid adore_global_planner::deactivate()[m[Kâ€™:
[0.464s] [01m[K/workspace/src/adore_global_planner/src/adore_global_planner.cpp:71:19:[m[K [01;31m[Kerror: [m[Kâ€˜[01m[Kparent_node_[m[Kâ€™ was not declared in this scope
[0.464s]    71 |   if (auto node = [01;31m[Kparent_node_[m[K.lock()) {
[0.464s]       |                   [01;31m[K^~~~~~~~~~~~[m[K
[0.465s] [01m[K/workspace/src/adore_global_planner/src/adore_global_planner.cpp:72:5:[m[K [01;31m[Kerror: [m[Kâ€˜[01m[KRCLCPP_INFO[m[Kâ€™ was not declared in this scope
[0.465s]    72 |     [01;31m[KRCLCPP_INFO[m[K(node->get_logger(), "[Planner] deactivated");
[0.465s]       |     [01;31m[K^~~~~~~~~~~[m[K
[0.465s] [01m[K/workspace/src/adore_global_planner/src/adore_global_planner.cpp:[m[K At global scope:
[0.465s] [01m[K/workspace/src/adore_global_planner/src/adore_global_planner.cpp:78:1:[m[K [01;31m[Kerror: [m[Kâ€˜[01m[Knav_msgs[m[Kâ€™ does not name a type
[0.466s]    78 | [01;31m[Knav_msgs[m[K::msg::Path Planner::createPlan(
[0.466s]       | [01;31m[K^~~~~~~~[m[K
[0.466s] [01m[K/workspace/src/adore_global_planner/src/adore_global_planner.cpp:113:6:[m[K [01;31m[Kerror: [m[Kâ€˜[01m[KPlanner[m[Kâ€™ has not been declared
[0.466s]   113 | void [01;31m[KPlanner[m[K::externalPathCallback(const nav_msgs::msg::Path::SharedPtr msg)
[0.466s]       |      [01;31m[K^~~~~~~[m[K
[0.466s] [01m[K/workspace/src/adore_global_planner/src/adore_global_planner.cpp:113:42:[m[K [01;31m[Kerror: [m[Kâ€˜[01m[Knav_msgs[m[Kâ€™ does not name a type
[0.466s]   113 | void Planner::externalPathCallback(const [01;31m[Knav_msgs[m[K::msg::Path::SharedPtr msg)
[0.467s]       |                                          [01;31m[K^~~~~~~~[m[K
[0.467s] [01m[K/workspace/src/adore_global_planner/src/adore_global_planner.cpp:113:55:[m[K [01;31m[Kerror: [m[Kexpected unqualified-id before â€˜[01m[K::[m[Kâ€™ token
[0.467s]   113 | void Planner::externalPathCallback(const nav_msgs::msg[01;31m[K::[m[KPath::SharedPtr msg)
[0.467s]       |                                                       [01;31m[K^~[m[K
[0.467s] [01m[K/workspace/src/adore_global_planner/src/adore_global_planner.cpp:113:55:[m[K [01;31m[Kerror: [m[Kexpected â€˜[01m[K)[m[Kâ€™ before â€˜[01m[K::[m[Kâ€™ token
[0.467s]   113 | void Planner::externalPathCallback[34m[K([m[Kconst nav_msgs::msg[01;31m[K:[m[K[32m[K:[m[KPath::SharedPtr msg)
[0.467s]       |                                   [34m[K~[m[K                   [01;31m[K^[m[K[32m[K~[m[K
[0.467s]       |                                                       [32m[K)[m[K
[0.467s] [01m[K/workspace/src/adore_global_planner/src/adore_global_planner.cpp:113:55:[m[K [01;31m[Kerror: [m[Kexpected initializer before â€˜[01m[K::[m[Kâ€™ token
[0.467s]   113 | void Planner::externalPathCallback(const nav_msgs::msg[01;31m[K::[m[KPath::SharedPtr msg)
[0.468s]       |                                                       [01;31m[K^~[m[K
[0.876s] In file included from [01m[K/opt/ros/humble/include/class_loader/class_loader/class_loader.hpp:56[m[K,
[0.878s]                  from [01m[K/opt/ros/humble/include/pluginlib/pluginlib/class_list_macros.hpp:40[m[K,
[0.878s]                  from [01m[K/workspace/src/adore_global_planner/src/adore_global_planner.cpp:136[m[K:
[0.878s] [01m[K/workspace/src/adore_global_planner/src/adore_global_planner.cpp:138:25:[m[K [01;31m[Kerror: [m[Kâ€˜[01m[KPlanner[m[Kâ€™ in namespace â€˜[01m[Kadore_global_planner[m[Kâ€™ does not name a type
[0.878s]   138 |   adore_global_planner::[01;31m[KPlanner[m[K,
[0.878s]       |                         [01;31m[K^~~~~~~[m[K
[0.878s] [01m[K/workspace/src/adore_global_planner/src/adore_global_planner.cpp:139:3:[m[K [01;31m[Kerror: [m[Kâ€˜[01m[Knav2_core[m[Kâ€™ does not name a type
[0.878s]   139 |   [01;31m[Knav2_core[m[K::GlobalPlanner)
[0.878s]       |   [01;31m[K^~~~~~~~~[m[K
[0.882s] [01m[K/workspace/src/adore_global_planner/src/adore_global_planner.cpp:[m[K In constructor â€˜[01m[K{anonymous}::ProxyExec0::ProxyExec0()[m[Kâ€™:
[0.882s] [01m[K/workspace/src/adore_global_planner/src/adore_global_planner.cpp:137:1:[m[K [01;31m[Kerror: [m[Kâ€˜[01m[K_derived[m[Kâ€™ was not declared in this scope
[0.882s]   137 | [01;31m[KPLUGINLIB_EXPORT_CLASS[m[K(
[0.883s]       | [01;31m[K^~~~~~~~~~~~~~~~~~~~~~[m[K
[0.885s] [01m[K/workspace/src/adore_global_planner/src/adore_global_planner.cpp:137:1:[m[K [01;31m[Kerror: [m[Kâ€˜[01m[K_base[m[Kâ€™ was not declared in this scope
[0.885s]   137 | [01;31m[KPLUGINLIB_EXPORT_CLASS[m[K(
[0.885s]       | [01;31m[K^~~~~~~~~~~~~~~~~~~~~~[m[K
[0.885s] [01m[K/workspace/src/adore_global_planner/src/adore_global_planner.cpp:137:1:[m[K [01;31m[Kerror: [m[Kno matching function for call to â€˜[01m[KregisterPlugin<<expression error>, <expression error> >(const char [30], const char [25])[m[Kâ€™
[0.885s]   137 | [01;31m[KPLUGINLIB_EXPORT_CLASS[m[K(
[0.885s]       | [01;31m[K^~~~~~~~~~~~~~~~~~~~~~[m[K
[0.886s] In file included from [01m[K/opt/ros/humble/include/class_loader/class_loader/class_loader.hpp:55[m[K,
[0.886s]                  from [01m[K/opt/ros/humble/include/pluginlib/pluginlib/class_list_macros.hpp:40[m[K,
[0.886s]                  from [01m[K/workspace/src/adore_global_planner/src/adore_global_planner.cpp:136[m[K:
[0.886s] [01m[K/opt/ros/humble/include/class_loader/class_loader/class_loader_core.hpp:210:6:[m[K [01;36m[Knote: [m[Kcandidate: â€˜[01m[Ktemplate<class Derived, class Base> void class_loader::impl::registerPlugin(const string&, const string&)[m[Kâ€™
[0.886s]   210 | void [01;36m[KregisterPlugin[m[K(const std::string & class_name, const std::string & base_class_name)
[0.886s]       |      [01;36m[K^~~~~~~~~~~~~~[m[K
[0.886s] [01m[K/opt/ros/humble/include/class_loader/class_loader/class_loader_core.hpp:210:6:[m[K [01;36m[Knote: [m[K  template argument deduction/substitution failed:
[0.887s] In file included from [01m[K/opt/ros/humble/include/class_loader/class_loader/class_loader.hpp:56[m[K,
[0.887s]                  from [01m[K/opt/ros/humble/include/pluginlib/pluginlib/class_list_macros.hpp:40[m[K,
[0.887s]                  from [01m[K/workspace/src/adore_global_planner/src/adore_global_planner.cpp:136[m[K:
[0.887s] [01m[K/workspace/src/adore_global_planner/src/adore_global_planner.cpp:137:1:[m[K [01;31m[Kerror: [m[Ktemplate argument 1 is invalid
[0.887s]   137 | [01;31m[KPLUGINLIB_EXPORT_CLASS[m[K(
[0.887s]       | [01;31m[K^~~~~~~~~~~~~~~~~~~~~~[m[K
[0.887s] [01m[K/workspace/src/adore_global_planner/src/adore_global_planner.cpp:137:1:[m[K [01;31m[Kerror: [m[Ktemplate argument 2 is invalid
[0.941s] gmake[2]: *** [CMakeFiles/adore_global_planner.dir/build.make:76: CMakeFiles/adore_global_planner.dir/src/adore_global_planner.cpp.o] Error 1
[0.941s] gmake[1]: *** [CMakeFiles/Makefile2:137: CMakeFiles/adore_global_planner.dir/all] Error 2
[0.941s] gmake: *** [Makefile:146: all] Error 2
[0.945s] Invoked command in '/workspace/src/build/adore_global_planner' returned '2': /usr/bin/cmake --build /workspace/src/build/adore_global_planner -- -j8 -l8
