[0.016s] Invoking command in '/workspace/src/build/adore_global_planner': /usr/bin/cmake --build /workspace/src/build/adore_global_planner -- -j8 -l8
[0.078s] [35m[1mConsolidate compiler generated dependencies of target adore_global_planner[0m
[0.115s] [ 50%] [32mBuilding CXX object CMakeFiles/adore_global_planner.dir/src/adore_global_planner.cpp.o[0m
[4.172s] In file included from [01m[K/workspace/src/adore_global_planner/src/adore_global_planner.cpp:1[m[K:
[4.173s] [01m[K/workspace/src/adore_global_planner/include/adore_global_planner/adore_global_planner.hpp:27:8:[m[K [01;31m[Kerror: [m[Kâ€˜[01m[Kvoid adore_global_planner::Planner::configure(const SharedPtr&, std::string, const std::shared_ptr<tf2_ros::Buffer>&, std::shared_ptr<nav2_costmap_2d::Costmap2DROS>)[m[Kâ€™ marked â€˜[01m[Koverride[m[Kâ€™, but does not override
[4.173s]    27 |   void [01;31m[Kconfigure[m[K(
[4.173s]       |        [01;31m[K^~~~~~~~~[m[K
[4.188s] [01m[K/workspace/src/adore_global_planner/src/adore_global_planner.cpp:[m[K In member function â€˜[01m[Kvoid adore_global_planner::Planner::configure(const SharedPtr&, std::string, const std::shared_ptr<tf2_ros::Buffer>&, std::shared_ptr<nav2_costmap_2d::Costmap2DROS>)[m[Kâ€™:
[4.189s] [01m[K/workspace/src/adore_global_planner/src/adore_global_planner.cpp:8:15:[m[K [01;35m[Kwarning: [m[Kunused parameter â€˜[01m[Kname[m[Kâ€™ [[01;35m[K-Wunused-parameter[m[K]
[4.189s]     8 |   [01;35m[Kstd::string name[m[K,
[4.189s]       |   [01;35m[K~~~~~~~~~~~~^~~~[m[K
[6.974s] In file included from [01m[K/opt/ros/humble/include/class_loader/class_loader/class_loader_core.hpp:57[m[K,
[6.975s]                  from [01m[K/opt/ros/humble/include/class_loader/class_loader/class_loader.hpp:55[m[K,
[6.975s]                  from [01m[K/opt/ros/humble/include/class_loader/class_loader/multi_library_class_loader.hpp:52[m[K,
[6.975s]                  from [01m[K/opt/ros/humble/include/pluginlib/pluginlib/class_loader.hpp:38[m[K,
[6.975s]                  from [01m[K/opt/ros/humble/include/nav2_costmap_2d/nav2_costmap_2d/costmap_2d_ros.hpp:54[m[K,
[6.975s]                  from [01m[K/opt/ros/humble/include/nav2_core/global_planner.hpp:21[m[K,
[6.975s]                  from [01m[K/workspace/src/adore_global_planner/include/adore_global_planner/adore_global_planner.hpp:6[m[K,
[6.975s]                  from [01m[K/workspace/src/adore_global_planner/src/adore_global_planner.cpp:1[m[K:
[6.976s] /opt/ros/humble/include/class_loader/class_loader/meta_object.hpp: In instantiation of â€˜[01m[KB* class_loader::impl::MetaObject<C, B>::create() const [with C = adore_global_planner::Planner; B = nav2_core::GlobalPlanner][m[Kâ€™:
[6.976s] [01m[K/opt/ros/humble/include/class_loader/class_loader/meta_object.hpp:216:7:[m[K   required from here
[6.976s] [01m[K/opt/ros/humble/include/class_loader/class_loader/meta_object.hpp:218:12:[m[K [01;31m[Kerror: [m[Kinvalid new-expression of abstract class type â€˜[01m[Kadore_global_planner::Planner[m[Kâ€™
[6.976s]   218 |     return [01;31m[Knew C[m[K;
[6.976s]       |            [01;31m[K^~~~~[m[K
[6.976s] In file included from [01m[K/workspace/src/adore_global_planner/src/adore_global_planner.cpp:1[m[K:
[6.976s] [01m[K/workspace/src/adore_global_planner/include/adore_global_planner/adore_global_planner.hpp:16:7:[m[K [01;36m[Knote: [m[K  because the following virtual functions are pure within â€˜[01m[Kadore_global_planner::Planner[m[Kâ€™:
[6.977s]    16 | class [01;36m[KPlanner[m[K : public nav2_core::GlobalPlanner
[6.977s]       |       [01;36m[K^~~~~~~[m[K
[6.977s] In file included from [01m[K/workspace/src/adore_global_planner/include/adore_global_planner/adore_global_planner.hpp:6[m[K,
[6.977s]                  from [01m[K/workspace/src/adore_global_planner/src/adore_global_planner.cpp:1[m[K:
[6.977s] [01m[K/opt/ros/humble/include/nav2_core/global_planner.hpp:50:16:[m[K [01;36m[Knote: [m[K    â€˜[01m[Kvirtual void nav2_core::GlobalPlanner::configure(const WeakPtr&, std::string, std::shared_ptr<tf2_ros::Buffer>, std::shared_ptr<nav2_costmap_2d::Costmap2DROS>)[m[Kâ€™
[6.977s]    50 |   virtual void [01;36m[Kconfigure[m[K(
[6.978s]       |                [01;36m[K^~~~~~~~~[m[K
[7.838s] gmake[2]: *** [CMakeFiles/adore_global_planner.dir/build.make:76: CMakeFiles/adore_global_planner.dir/src/adore_global_planner.cpp.o] Error 1
[7.838s] gmake[1]: *** [CMakeFiles/Makefile2:137: CMakeFiles/adore_global_planner.dir/all] Error 2
[7.838s] gmake: *** [Makefile:146: all] Error 2
[7.841s] Invoked command in '/workspace/src/build/adore_global_planner' returned '2': /usr/bin/cmake --build /workspace/src/build/adore_global_planner -- -j8 -l8
