-- Found ament_cmake: 1.3.11 (/opt/ros/humble/share/ament_cmake/cmake)
-- Found rclcpp: 16.0.12 (/opt/ros/humble/share/rclcpp/cmake)
-- Found rosidl_generator_c: 3.1.6 (/opt/ros/humble/share/rosidl_generator_c/cmake)
-- Found rosidl_adapter: 3.1.6 (/opt/ros/humble/share/rosidl_adapter/cmake)
-- Found rosidl_generator_cpp: 3.1.6 (/opt/ros/humble/share/rosidl_generator_cpp/cmake)
-- Using all available rosidl_typesupport_c: rosidl_typesupport_fastrtps_c;rosidl_typesupport_introspection_c
-- Using all available rosidl_typesupport_cpp: rosidl_typesupport_fastrtps_cpp;rosidl_typesupport_introspection_cpp
-- Found rmw_implementation_cmake: 6.1.2 (/opt/ros/humble/share/rmw_implementation_cmake/cmake)
-- Found rmw_fastrtps_cpp: 6.2.7 (/opt/ros/humble/share/rmw_fastrtps_cpp/cmake)
-- Using RMW implementation 'rmw_fastrtps_cpp' as default
-- Found nav2_core: 1.1.18 (/opt/ros/humble/share/nav2_core/cmake)
-- Ensuring Eigen3 include directory is part of orocos-kdl CMake target
-- Found ament_lint_auto: 0.12.12 (/opt/ros/humble/share/ament_lint_auto/cmake)
-- Configuring done
-- Generating done
-- Build files have been written to: /workspace/src/build/adore_global_planner
[35m[1mConsolidate compiler generated dependencies of target adore_global_planner[0m
[ 50%] [32mBuilding CXX object CMakeFiles/adore_global_planner.dir/src/adore_global_planner.cpp.o[0m
In file included from [01m[K/workspace/src/adore_global_planner/src/adore_global_planner.cpp:1[m[K:
[01m[K/workspace/src/adore_global_planner/include/adore_global_planner/adore_global_planner.hpp:27:8:[m[K [01;31m[Kerror: [m[Kâ€˜[01m[Kvoid adore_global_planner::Planner::configure(const SharedPtr&, std::string, const std::shared_ptr<tf2_ros::Buffer>&, std::shared_ptr<nav2_costmap_2d::Costmap2DROS>)[m[Kâ€™ marked â€˜[01m[Koverride[m[Kâ€™, but does not override
   27 |   void [01;31m[Kconfigure[m[K(
      |        [01;31m[K^~~~~~~~~[m[K
[01m[K/workspace/src/adore_global_planner/src/adore_global_planner.cpp:[m[K In member function â€˜[01m[Kvoid adore_global_planner::Planner::configure(const SharedPtr&, std::string, const std::shared_ptr<tf2_ros::Buffer>&, std::shared_ptr<nav2_costmap_2d::Costmap2DROS>)[m[Kâ€™:
[01m[K/workspace/src/adore_global_planner/src/adore_global_planner.cpp:8:15:[m[K [01;35m[Kwarning: [m[Kunused parameter â€˜[01m[Kname[m[Kâ€™ [[01;35m[K-Wunused-parameter[m[K]
    8 |   [01;35m[Kstd::string name[m[K,
      |   [01;35m[K~~~~~~~~~~~~^~~~[m[K
In file included from [01m[K/opt/ros/humble/include/class_loader/class_loader/class_loader_core.hpp:57[m[K,
                 from [01m[K/opt/ros/humble/include/class_loader/class_loader/class_loader.hpp:55[m[K,
                 from [01m[K/opt/ros/humble/include/class_loader/class_loader/multi_library_class_loader.hpp:52[m[K,
                 from [01m[K/opt/ros/humble/include/pluginlib/pluginlib/class_loader.hpp:38[m[K,
                 from [01m[K/opt/ros/humble/include/nav2_costmap_2d/nav2_costmap_2d/costmap_2d_ros.hpp:54[m[K,
                 from [01m[K/opt/ros/humble/include/nav2_core/global_planner.hpp:21[m[K,
                 from [01m[K/workspace/src/adore_global_planner/include/adore_global_planner/adore_global_planner.hpp:6[m[K,
                 from [01m[K/workspace/src/adore_global_planner/src/adore_global_planner.cpp:1[m[K:
/opt/ros/humble/include/class_loader/class_loader/meta_object.hpp: In instantiation of â€˜[01m[KB* class_loader::impl::MetaObject<C, B>::create() const [with C = adore_global_planner::Planner; B = nav2_core::GlobalPlanner][m[Kâ€™:
[01m[K/opt/ros/humble/include/class_loader/class_loader/meta_object.hpp:216:7:[m[K   required from here
[01m[K/opt/ros/humble/include/class_loader/class_loader/meta_object.hpp:218:12:[m[K [01;31m[Kerror: [m[Kinvalid new-expression of abstract class type â€˜[01m[Kadore_global_planner::Planner[m[Kâ€™
  218 |     return [01;31m[Knew C[m[K;
      |            [01;31m[K^~~~~[m[K
In file included from [01m[K/workspace/src/adore_global_planner/src/adore_global_planner.cpp:1[m[K:
[01m[K/workspace/src/adore_global_planner/include/adore_global_planner/adore_global_planner.hpp:16:7:[m[K [01;36m[Knote: [m[K  because the following virtual functions are pure within â€˜[01m[Kadore_global_planner::Planner[m[Kâ€™:
   16 | class [01;36m[KPlanner[m[K : public nav2_core::GlobalPlanner
      |       [01;36m[K^~~~~~~[m[K
In file included from [01m[K/workspace/src/adore_global_planner/include/adore_global_planner/adore_global_planner.hpp:6[m[K,
                 from [01m[K/workspace/src/adore_global_planner/src/adore_global_planner.cpp:1[m[K:
[01m[K/opt/ros/humble/include/nav2_core/global_planner.hpp:50:16:[m[K [01;36m[Knote: [m[K    â€˜[01m[Kvirtual void nav2_core::GlobalPlanner::configure(const WeakPtr&, std::string, std::shared_ptr<tf2_ros::Buffer>, std::shared_ptr<nav2_costmap_2d::Costmap2DROS>)[m[Kâ€™
   50 |   virtual void [01;36m[Kconfigure[m[K(
      |                [01;36m[K^~~~~~~~~[m[K
gmake[2]: *** [CMakeFiles/adore_global_planner.dir/build.make:76: CMakeFiles/adore_global_planner.dir/src/adore_global_planner.cpp.o] Error 1
gmake[1]: *** [CMakeFiles/Makefile2:137: CMakeFiles/adore_global_planner.dir/all] Error 2
gmake: *** [Makefile:146: all] Error 2
